<?xml version="1.0" encoding="UTF-8"?>
<!-- Generated by org.testng.reporters.JUnitXMLReporter -->
<testsuite hostname="DESKTOP-IGE51IO" ignored="0" name="Test" tests="11" failures="1" timestamp="2021-07-03T13:04:39 GST" time="60.227" errors="0">
  <testcase name="verifyDLoginTitle" time="0.016" classname="com.TestCases.LoginTest"/>
  <testcase name="validLogin" time="1.053" classname="com.TestCases.LoginTest"/>
  <testcase name="verifyDashboardTitle" time="0.008" classname="com.TestCases.DashboardTest"/>
  <testcase name="verifyUserTitle" time="0.008" classname="com.TestCases.UserTest"/>
  <testcase name="CompareTableWithoutHashmap" time="1.514" classname="com.TestCases.UserTest"/>
  <testcase name="CompareTableWithHashmap" time="2.073" classname="com.TestCases.UserTest"/>
  <testcase name="compareGenderAndName" time="0.263" classname="com.TestCases.UserTest"/>
  <testcase name="mobileTest" time="0.084" classname="com.TestCases.UserTest">
    <failure type="java.lang.AssertionError" message="The following asserts failed:
	expected [true] but found [false],
	expected [true] but found [false]">
      <![CDATA[java.lang.AssertionError: The following asserts failed:
expected [true] but found [false],
expected [true] but found [false]
at com.TestCases.UserTest.mobileTest(UserTest.java:78)
at java.util.ArrayList.forEach(ArrayList.java:1257)
... Removed 29 stack frames]]>
    </failure>
  </testcase> <!-- mobileTest -->
  <testcase name="verifyDashboardTitle" time="0.0" classname="com.TestCases.OperatorTest"/>
  <testcase name="verifyDashboardTitle" time="0.007" classname="com.TestCases.UsefulLinksTest"/>
  <testcase name="verifyDashboardTitle" time="0.011" classname="com.TestCases.DownloadTest"/>
</testsuite> <!-- Test -->
